2021-01-01T08:02:53+07:00 CRITICAL syntax error, unexpected '$product' (T_VARIABLE), expecting ';' or ',' in C:\wamp64\www\nhom11\wp-content\themes\nhom_11\content\product_item.php on line 25

2021-01-01T08:17:14+07:00 CRITICAL Uncaught Error: Call to undefined function numbmer_format() in C:\wamp64\www\nhom11\wp-content\themes\nhom_11\content\product_item.php:29
Stack trace:
#0 C:\wamp64\www\nhom11\wp-includes\template.php(732): require()
#1 C:\wamp64\www\nhom11\wp-includes\template.php(676): load_template('C:\\wamp64\\www\\n...', false, Array)
#2 C:\wamp64\www\nhom11\wp-includes\general-template.php(204): locate_template(Array, true, false, Array)
#3 C:\wamp64\www\nhom11\wp-content\themes\nhom_11\index.php(201): get_template_part('content/product...')
#4 C:\wamp64\www\nhom11\wp-includes\template-loader.php(106): include('C:\\wamp64\\www\\n...')
#5 C:\wamp64\www\nhom11\wp-blog-header.php(19): require_once('C:\\wamp64\\www\\n...')
#6 C:\wamp64\www\nhom11\index.php(17): require('C:\\wamp64\\www\\n...')
#7 {main}
  thrown in C:\wamp64\www\nhom11\wp-content\themes\nhom_11\content\product_item.php on line 29

2021-01-01T02:26:34+00:00 CRITICAL syntax error, unexpected ''terms'' (T_CONSTANT_ENCAPSED_STRING), expecting ')' in C:\wamp64\www\nhom11\wp-content\themes\nhom_11\archive-product.php on line 52

2021-01-01T09:39:52+07:00 CRITICAL Uncaught Error: Call to undefined function setpostview() in C:\wamp64\www\nhom11\wp-content\themes\nhom_11\single.php:9
Stack trace:
#0 C:\wamp64\www\nhom11\wp-includes\template-loader.php(106): include()
#1 C:\wamp64\www\nhom11\wp-blog-header.php(19): require_once('C:\\wamp64\\www\\n...')
#2 C:\wamp64\www\nhom11\index.php(17): require('C:\\wamp64\\www\\n...')
#3 {main}
  thrown in C:\wamp64\www\nhom11\wp-content\themes\nhom_11\single.php on line 9

2021-01-01T11:51:19+07:00 CRITICAL Uncaught Error: Call to a member function get_cart_url() on null in C:\wamp64\www\nhom11\wp-content\themes\nhom_11\header.php:104
Stack trace:
#0 C:\wamp64\www\nhom11\wp-includes\template.php(730): require_once()
#1 C:\wamp64\www\nhom11\wp-includes\template.php(676): load_template('C:\\wamp64\\www\\n...', true, Array)
#2 C:\wamp64\www\nhom11\wp-includes\general-template.php(48): locate_template(Array, true, true, Array)
#3 C:\wamp64\www\nhom11\wp-content\themes\nhom_11\index.php(1): get_header()
#4 C:\wamp64\www\nhom11\wp-includes\template-loader.php(106): include('C:\\wamp64\\www\\n...')
#5 C:\wamp64\www\nhom11\wp-blog-header.php(19): require_once('C:\\wamp64\\www\\n...')
#6 C:\wamp64\www\nhom11\index.php(17): require('C:\\wamp64\\www\\n...')
#7 {main}
  thrown in C:\wamp64\www\nhom11\wp-content\themes\nhom_11\header.php on line 104

2021-01-01T05:26:59+00:00 CRITICAL Uncaught Error: Maximum function nesting level of '256' reached, aborting! in C:\wamp64\www\nhom11\wp-includes\class-wp-post.php:357
Stack trace:
#0 C:\wamp64\www\nhom11\wp-includes\post.php(787): WP_Post->filter('raw')
#1 C:\wamp64\www\nhom11\wp-includes\post.php(807): get_post(Object(WP_Post))
#2 C:\wamp64\www\nhom11\wp-includes\class-wp-post.php(337): get_post_ancestors(Object(WP_Post))
#3 C:\wamp64\www\nhom11\wp-includes\post.php(5454): WP_Post->__get('ancestors')
#4 C:\wamp64\www\nhom11\wp-includes\link-template.php(382): get_page_uri(Object(WP_Post))
#5 C:\wamp64\www\nhom11\wp-includes\link-template.php(340): _get_page_link(Object(WP_Post), false, false)
#6 C:\wamp64\www\nhom11\wp-includes\link-template.php(145): get_page_link(Object(WP_Post), false, false)
#7 C:\wamp64\www\nhom11\wp-content\plugins\woocommerce\includes\wc-page-functions.php(68): get_permalink(Object(WP_Post))
#8 C:\wamp64\www\nhom11\wp-content\plugins\woocommerce\includes\wc-core-functions.php(1455): wc_get_page_permalink('cart')
#9 C: in C:\wamp64\www\nhom11\wp-includes\class-wp-post.php on line 357

2021-01-01T05:27:30+00:00 CRITICAL Uncaught Error: Maximum function nesting level of '256' reached, aborting! in C:\wamp64\www\nhom11\wp-includes\class-wp-post.php:357
Stack trace:
#0 C:\wamp64\www\nhom11\wp-includes\post.php(787): WP_Post->filter('raw')
#1 C:\wamp64\www\nhom11\wp-includes\post.php(807): get_post(Object(WP_Post))
#2 C:\wamp64\www\nhom11\wp-includes\class-wp-post.php(337): get_post_ancestors(Object(WP_Post))
#3 C:\wamp64\www\nhom11\wp-includes\post.php(5454): WP_Post->__get('ancestors')
#4 C:\wamp64\www\nhom11\wp-includes\link-template.php(382): get_page_uri(Object(WP_Post))
#5 C:\wamp64\www\nhom11\wp-includes\link-template.php(340): _get_page_link(Object(WP_Post), false, false)
#6 C:\wamp64\www\nhom11\wp-includes\link-template.php(145): get_page_link(Object(WP_Post), false, false)
#7 C:\wamp64\www\nhom11\wp-content\plugins\woocommerce\includes\wc-page-functions.php(68): get_permalink(Object(WP_Post))
#8 C:\wamp64\www\nhom11\wp-content\plugins\woocommerce\includes\wc-core-functions.php(1455): wc_get_page_permalink('cart')
#9 C: in C:\wamp64\www\nhom11\wp-includes\class-wp-post.php on line 357

2021-01-01T16:43:15+07:00 CRITICAL Uncaught Error: Call to undefined function fl_woocommerce_version_check() in C:\wamp64\www\nhom11\wp-content\themes\nhom_11\woocommerce\checkout\form-checkout.php:43
Stack trace:
#0 C:\wamp64\www\nhom11\wp-content\plugins\woocommerce\includes\wc-core-functions.php(345): include()
#1 C:\wamp64\www\nhom11\wp-content\plugins\woocommerce\includes\shortcodes\class-wc-shortcode-checkout.php(293): wc_get_template('checkout/form-c...', Array)
#2 C:\wamp64\www\nhom11\wp-content\plugins\woocommerce\includes\shortcodes\class-wc-shortcode-checkout.php(67): WC_Shortcode_Checkout::checkout()
#3 C:\wamp64\www\nhom11\wp-content\plugins\woocommerce\includes\class-wc-shortcodes.php(72): WC_Shortcode_Checkout::output('')
#4 C:\wamp64\www\nhom11\wp-content\plugins\woocommerce\includes\class-wc-shortcodes.php(95): WC_Shortcodes::shortcode_wrapper(Array, '')
#5 C:\wamp64\www\nhom11\wp-includes\shortcodes.php(343): WC_Shortcodes::checkout('', '', 'woocommerce_che...')
#6 [internal function]: do_shortcode_tag(Array)
#7 C:\wamp64\www in C:\wamp64\www\nhom11\wp-content\themes\nhom_11\woocommerce\checkout\form-checkout.php on line 43

2021-01-01T10:21:02+00:00 CRITICAL syntax error, unexpected 'unset' (T_UNSET) in C:\wamp64\www\nhom11\wp-content\themes\nhom_11\functions.php on line 128

2021-01-01T13:38:52+00:00 CRITICAL Cannot redeclare order_fields() (previously declared in C:\wamp64\www\nhom11\wp-content\themes\nhom_11\functions.php:124) in C:\wamp64\www\nhom11\wp-content\themes\nhom_11\functions.php on line 141

2021-01-01T20:48:28+07:00 CRITICAL Uncaught Error: [] operator not supported for strings in C:\wamp64\www\nhom11\wp-content\plugins\woocommerce\includes\wc-template-functions.php:2688
Stack trace:
#0 C:\wamp64\www\nhom11\wp-content\themes\nhom_11\woocommerce\checkout\form-billing.php(39): woocommerce_form_field('billing_last_na...', Array, NULL)
#1 C:\wamp64\www\nhom11\wp-content\plugins\woocommerce\includes\wc-core-functions.php(345): include('C:\\wamp64\\www\\n...')
#2 C:\wamp64\www\nhom11\wp-content\plugins\woocommerce\includes\class-wc-checkout.php(294): wc_get_template('checkout/form-b...', Array)
#3 C:\wamp64\www\nhom11\wp-includes\class-wp-hook.php(287): WC_Checkout->checkout_form_billing('')
#4 C:\wamp64\www\nhom11\wp-includes\class-wp-hook.php(311): WP_Hook->apply_filters('', Array)
#5 C:\wamp64\www\nhom11\wp-includes\plugin.php(484): WP_Hook->do_action(Array)
#6 C:\wamp64\www\nhom11\wp-content\themes\nhom_11\woocommerce\checkout\form-checkout.php(40): do_action('woocommerce_che...')
#7 C:\wamp64\www\nhom11\wp-content\plugins\woocomme in C:\wamp64\www\nhom11\wp-content\plugins\woocommerce\includes\wc-template-functions.php on line 2688

2021-01-01T13:48:40+00:00 CRITICAL syntax error, unexpected 'form' (T_STRING), expecting ')' in C:\wamp64\www\nhom11\wp-content\themes\nhom_11\functions.php on line 153

2021-01-01T23:16:35+07:00 CRITICAL Uncaught Error: Call to a member function get_cart_url() on null in C:\wamp64\www\nhom11\wp-content\themes\nhom_11\header.php:90
Stack trace:
#0 C:\wamp64\www\nhom11\wp-includes\template.php(730): require_once()
#1 C:\wamp64\www\nhom11\wp-includes\template.php(676): load_template('C:\\wamp64\\www\\n...', true, Array)
#2 C:\wamp64\www\nhom11\wp-includes\general-template.php(48): locate_template(Array, true, true, Array)
#3 C:\wamp64\www\nhom11\wp-content\themes\nhom_11\page.php(1): get_header()
#4 C:\wamp64\www\nhom11\wp-includes\template-loader.php(106): include('C:\\wamp64\\www\\n...')
#5 C:\wamp64\www\nhom11\wp-blog-header.php(19): require_once('C:\\wamp64\\www\\n...')
#6 C:\wamp64\www\nhom11\index.php(17): require('C:\\wamp64\\www\\n...')
#7 {main}
  thrown in C:\wamp64\www\nhom11\wp-content\themes\nhom_11\header.php on line 90

2021-01-01T16:17:43+00:00 CRITICAL Uncaught Error: Call to undefined method WC_Cart::cart_contents_count() in C:\wamp64\www\nhom11\wp-content\themes\nhom_11\functions.php:159
Stack trace:
#0 C:\wamp64\www\nhom11\wp-includes\class-wp-hook.php(287): woocommerce_header_add_to_cart_fragment(Array)
#1 C:\wamp64\www\nhom11\wp-includes\plugin.php(212): WP_Hook->apply_filters(Array, Array)
#2 C:\wamp64\www\nhom11\wp-content\plugins\woocommerce\includes\class-wc-ajax.php(195): apply_filters('woocommerce_add...', Array)
#3 C:\wamp64\www\nhom11\wp-includes\class-wp-hook.php(287): WC_AJAX::get_refreshed_fragments('')
#4 C:\wamp64\www\nhom11\wp-includes\class-wp-hook.php(311): WP_Hook->apply_filters('', Array)
#5 C:\wamp64\www\nhom11\wp-includes\plugin.php(484): WP_Hook->do_action(Array)
#6 C:\wamp64\www\nhom11\wp-content\plugins\woocommerce\includes\class-wc-ajax.php(90): do_action('wc_ajax_get_ref...')
#7 C:\wamp64\www\nhom11\wp-includes\class-wp-hook.php(287): WC_AJAX::do_wc_ajax('')
#8 C:\wamp64\www\nhom11\wp-includes\class-wp-hook.php(311): WP_Hook->a in C:\wamp64\www\nhom11\wp-content\themes\nhom_11\functions.php on line 159

2021-01-01T16:31:47+00:00 CRITICAL Uncaught Error: Call to a member function get_cart_url() on null in C:\wamp64\www\nhom11\wp-content\themes\nhom_11\functions.php:157
Stack trace:
#0 C:\wamp64\www\nhom11\wp-settings.php(525): include()
#1 C:\wamp64\www\nhom11\wp-config.php(90): require_once('C:\\wamp64\\www\\n...')
#2 C:\wamp64\www\nhom11\wp-load.php(37): require_once('C:\\wamp64\\www\\n...')
#3 C:\wamp64\www\nhom11\wp-blog-header.php(13): require_once('C:\\wamp64\\www\\n...')
#4 C:\wamp64\www\nhom11\index.php(17): require('C:\\wamp64\\www\\n...')
#5 {main}
  thrown in C:\wamp64\www\nhom11\wp-content\themes\nhom_11\functions.php on line 157

2021-01-01T23:35:36+07:00 CRITICAL Uncaught Error: Call to undefined method WC_Cart::wc_get_cart_url() in C:\wamp64\www\nhom11\wp-content\themes\nhom_11\header.php:90
Stack trace:
#0 C:\wamp64\www\nhom11\wp-includes\template.php(730): require_once()
#1 C:\wamp64\www\nhom11\wp-includes\template.php(676): load_template('C:\\wamp64\\www\\n...', true, Array)
#2 C:\wamp64\www\nhom11\wp-includes\general-template.php(48): locate_template(Array, true, true, Array)
#3 C:\wamp64\www\nhom11\wp-content\themes\nhom_11\index.php(1): get_header()
#4 C:\wamp64\www\nhom11\wp-includes\template-loader.php(106): include('C:\\wamp64\\www\\n...')
#5 C:\wamp64\www\nhom11\wp-blog-header.php(19): require_once('C:\\wamp64\\www\\n...')
#6 C:\wamp64\www\nhom11\index.php(17): require('C:\\wamp64\\www\\n...')
#7 {main}
  thrown in C:\wamp64\www\nhom11\wp-content\themes\nhom_11\header.php on line 90

2021-01-01T17:27:57+00:00 CRITICAL syntax error, unexpected end of file in C:\wamp64\www\nhom11\wp-content\themes\nhom_11\archive-product.php on line 57

2021-01-01T17:30:36+00:00 CRITICAL syntax error, unexpected '}', expecting end of file in C:\wamp64\www\nhom11\wp-content\themes\nhom_11\archive-product.php on line 47

2021-01-01T17:52:15+00:00 CRITICAL Cannot use empty array elements in arrays in C:\wamp64\www\nhom11\wp-content\themes\nhom_11\search.php on line 23

