2020-12-28T00:23:39+00:00 CRITICAL Uncaught Error: Call to undefined function percent_sale() in C:\wamp64\www\nhom11\wp-content\themes\nhom_11\content\product_item.php:10
Stack trace:
#0 C:\wamp64\www\nhom11\wp-includes\template.php(732): require()
#1 C:\wamp64\www\nhom11\wp-includes\template.php(676): load_template('C:\\wamp64\\www\\n...', false, Array)
#2 C:\wamp64\www\nhom11\wp-includes\general-template.php(204): locate_template(Array, true, false, Array)
#3 C:\wamp64\www\nhom11\wp-content\themes\nhom_11\index.php(52): get_template_part('content/product...')
#4 C:\wamp64\www\nhom11\wp-includes\template-loader.php(106): include('C:\\wamp64\\www\\n...')
#5 C:\wamp64\www\nhom11\wp-blog-header.php(19): require_once('C:\\wamp64\\www\\n...')
#6 C:\wamp64\www\nhom11\index.php(17): require('C:\\wamp64\\www\\n...')
#7 {main}
  thrown in C:\wamp64\www\nhom11\wp-content\themes\nhom_11\content\product_item.php on line 10

2020-12-28T00:26:26+00:00 CRITICAL Uncaught Error: Call to undefined function percent_sale() in C:\wamp64\www\nhom11\wp-content\themes\nhom_11\content\product_item.php:10
Stack trace:
#0 C:\wamp64\www\nhom11\wp-includes\template.php(732): require()
#1 C:\wamp64\www\nhom11\wp-includes\template.php(676): load_template('C:\\wamp64\\www\\n...', false, Array)
#2 C:\wamp64\www\nhom11\wp-includes\general-template.php(204): locate_template(Array, true, false, Array)
#3 C:\wamp64\www\nhom11\wp-content\themes\nhom_11\index.php(52): get_template_part('content/product...')
#4 C:\wamp64\www\nhom11\wp-includes\template-loader.php(106): include('C:\\wamp64\\www\\n...')
#5 C:\wamp64\www\nhom11\wp-blog-header.php(19): require_once('C:\\wamp64\\www\\n...')
#6 C:\wamp64\www\nhom11\index.php(17): require('C:\\wamp64\\www\\n...')
#7 {main}
  thrown in C:\wamp64\www\nhom11\wp-content\themes\nhom_11\content\product_item.php on line 10

2020-12-28T00:27:46+00:00 CRITICAL Uncaught Error: Call to undefined function percent_sale() in C:\wamp64\www\nhom11\wp-content\themes\nhom_11\content\product_item.php:10
Stack trace:
#0 C:\wamp64\www\nhom11\wp-includes\template.php(732): require()
#1 C:\wamp64\www\nhom11\wp-includes\template.php(676): load_template('C:\\wamp64\\www\\n...', false, Array)
#2 C:\wamp64\www\nhom11\wp-includes\general-template.php(204): locate_template(Array, true, false, Array)
#3 C:\wamp64\www\nhom11\wp-content\themes\nhom_11\index.php(52): get_template_part('content/product...')
#4 C:\wamp64\www\nhom11\wp-includes\template-loader.php(106): include('C:\\wamp64\\www\\n...')
#5 C:\wamp64\www\nhom11\wp-blog-header.php(19): require_once('C:\\wamp64\\www\\n...')
#6 C:\wamp64\www\nhom11\index.php(17): require('C:\\wamp64\\www\\n...')
#7 {main}
  thrown in C:\wamp64\www\nhom11\wp-content\themes\nhom_11\content\product_item.php on line 10

2020-12-28T00:27:52+00:00 CRITICAL Uncaught Error: Call to undefined function percent_sale() in C:\wamp64\www\nhom11\wp-content\themes\nhom_11\content\product_item.php:10
Stack trace:
#0 C:\wamp64\www\nhom11\wp-includes\template.php(732): require()
#1 C:\wamp64\www\nhom11\wp-includes\template.php(676): load_template('C:\\wamp64\\www\\n...', false, Array)
#2 C:\wamp64\www\nhom11\wp-includes\general-template.php(204): locate_template(Array, true, false, Array)
#3 C:\wamp64\www\nhom11\wp-content\themes\nhom_11\index.php(52): get_template_part('content/product...')
#4 C:\wamp64\www\nhom11\wp-includes\template-loader.php(106): include('C:\\wamp64\\www\\n...')
#5 C:\wamp64\www\nhom11\wp-blog-header.php(19): require_once('C:\\wamp64\\www\\n...')
#6 C:\wamp64\www\nhom11\index.php(17): require('C:\\wamp64\\www\\n...')
#7 {main}
  thrown in C:\wamp64\www\nhom11\wp-content\themes\nhom_11\content\product_item.php on line 10

2020-12-28T00:28:06+00:00 CRITICAL Uncaught Error: Call to undefined function percent_sale() in C:\wamp64\www\nhom11\wp-content\themes\nhom_11\content\product_item.php:10
Stack trace:
#0 C:\wamp64\www\nhom11\wp-includes\template.php(732): require()
#1 C:\wamp64\www\nhom11\wp-includes\template.php(676): load_template('C:\\wamp64\\www\\n...', false, Array)
#2 C:\wamp64\www\nhom11\wp-includes\general-template.php(204): locate_template(Array, true, false, Array)
#3 C:\wamp64\www\nhom11\wp-content\themes\nhom_11\index.php(52): get_template_part('content/product...')
#4 C:\wamp64\www\nhom11\wp-includes\template-loader.php(106): include('C:\\wamp64\\www\\n...')
#5 C:\wamp64\www\nhom11\wp-blog-header.php(19): require_once('C:\\wamp64\\www\\n...')
#6 C:\wamp64\www\nhom11\index.php(17): require('C:\\wamp64\\www\\n...')
#7 {main}
  thrown in C:\wamp64\www\nhom11\wp-content\themes\nhom_11\content\product_item.php on line 10

2020-12-28T00:28:10+00:00 CRITICAL Uncaught Error: Call to undefined function percent_sale() in C:\wamp64\www\nhom11\wp-content\themes\nhom_11\content\product_item.php:10
Stack trace:
#0 C:\wamp64\www\nhom11\wp-includes\template.php(732): require()
#1 C:\wamp64\www\nhom11\wp-includes\template.php(676): load_template('C:\\wamp64\\www\\n...', false, Array)
#2 C:\wamp64\www\nhom11\wp-includes\general-template.php(204): locate_template(Array, true, false, Array)
#3 C:\wamp64\www\nhom11\wp-content\themes\nhom_11\index.php(52): get_template_part('content/product...')
#4 C:\wamp64\www\nhom11\wp-includes\template-loader.php(106): include('C:\\wamp64\\www\\n...')
#5 C:\wamp64\www\nhom11\wp-blog-header.php(19): require_once('C:\\wamp64\\www\\n...')
#6 C:\wamp64\www\nhom11\index.php(17): require('C:\\wamp64\\www\\n...')
#7 {main}
  thrown in C:\wamp64\www\nhom11\wp-content\themes\nhom_11\content\product_item.php on line 10

2020-12-28T00:28:12+00:00 CRITICAL Uncaught Error: Call to undefined function percent_sale() in C:\wamp64\www\nhom11\wp-content\themes\nhom_11\content\product_item.php:10
Stack trace:
#0 C:\wamp64\www\nhom11\wp-includes\template.php(732): require()
#1 C:\wamp64\www\nhom11\wp-includes\template.php(676): load_template('C:\\wamp64\\www\\n...', false, Array)
#2 C:\wamp64\www\nhom11\wp-includes\general-template.php(204): locate_template(Array, true, false, Array)
#3 C:\wamp64\www\nhom11\wp-content\themes\nhom_11\index.php(52): get_template_part('content/product...')
#4 C:\wamp64\www\nhom11\wp-includes\template-loader.php(106): include('C:\\wamp64\\www\\n...')
#5 C:\wamp64\www\nhom11\wp-blog-header.php(19): require_once('C:\\wamp64\\www\\n...')
#6 C:\wamp64\www\nhom11\index.php(17): require('C:\\wamp64\\www\\n...')
#7 {main}
  thrown in C:\wamp64\www\nhom11\wp-content\themes\nhom_11\content\product_item.php on line 10

